<?xml version="1.0" encoding="UTF-8"?>
<testsuite xmlns:xsi="http://www.w3.org/2001/XMLSchema-instance" xsi:noNamespaceSchemaLocation="https://maven.apache.org/surefire/maven-surefire-plugin/xsd/surefire-test-report-3.0.xsd" version="3.0" name="com.praktikum.whitebox.model.ProdukTest" time="0.346" tests="20" errors="0" skipped="0" failures="0">
  <properties>
[...]
</properties>
  <testcase name="testStokProdukTidakAktif" classname="com.praktikum.whitebox.model.ProdukTest" time="0.085"/>
  <testcase name="testHitungTotalHargaProdukTidakAktif" classname="com.praktikum.whitebox.model.ProdukTest" time="0.007"/>
  <testcase name="testStokAman" classname="com.praktikum.whitebox.model.ProdukTest" time="0.003"/>
  <testcase name="testStatusAktif" classname="com.praktikum.whitebox.model.ProdukTest" time="0.002"/>
  <testcase name="testHitungTotalHargaNegatif" classname="com.praktikum.whitebox.model.ProdukTest" time="0.002"/>
  <testcase name="testStokMenipis" classname="com.praktikum.whitebox.model.ProdukTest" time="0.001"/>
  <testcase name="testKurangiStokNegatif" classname="com.praktikum.whitebox.model.ProdukTest" time="0.001"/>
  <testcase name="testHitungTotalHarga(int, double)[1]" classname="com.praktikum.whitebox.model.ProdukTest" time="0.051"/>
  <testcase name="testHitungTotalHarga(int, double)[2]" classname="com.praktikum.whitebox.model.ProdukTest" time="0.002"/>
  <testcase name="testHitungTotalHarga(int, double)[3]" classname="com.praktikum.whitebox.model.ProdukTest" time="0.001"/>
  <testcase name="testTambahStokProdukTidakAktif" classname="com.praktikum.whitebox.model.ProdukTest" time="0.002"/>
  <testcase name="testTambahStokNegatif" classname="com.praktikum.whitebox.model.ProdukTest" time="0.001"/>
  <testcase name="testTambahStokValid" classname="com.praktikum.whitebox.model.ProdukTest" time="0.001"/>
  <testcase name="testKurangiStokValid(int, int)[1]" classname="com.praktikum.whitebox.model.ProdukTest" time="0.006"/>
  <testcase name="testKurangiStokValid(int, int)[2]" classname="com.praktikum.whitebox.model.ProdukTest" time="0.002"/>
  <testcase name="testKurangiStokValid(int, int)[3]" classname="com.praktikum.whitebox.model.ProdukTest" time="0.001"/>
  <testcase name="testKurangiStokTidakMencukupi" classname="com.praktikum.whitebox.model.ProdukTest" time="0.002"/>
  <testcase name="testEqualsAndHashCode" classname="com.praktikum.whitebox.model.ProdukTest" time="0.003"/>
  <testcase name="testKurangiStokProdukTidakAktif" classname="com.praktikum.whitebox.model.ProdukTest" time="0.002"/>
  <testcase name="testStokHabis" classname="com.praktikum.whitebox.model.ProdukTest" time="0.001"/>
</testsuite>