<?xml version="1.0" encoding="UTF-8"?>
<testsuite xmlns:xsi="http://www.w3.org/2001/XMLSchema-instance" xsi:noNamespaceSchemaLocation="https://maven.apache.org/surefire/maven-surefire-plugin/xsd/surefire-test-report-3.0.xsd" version="3.0" name="com.praktikum.whitebox.service.KalkulatorDiskonTest" time="0.069" tests="18" errors="0" skipped="0" failures="0">
  <properties>
[...]
</properties>
  <testcase name="testHitungHargaSetelahDiskon" classname="com.praktikum.whitebox.service.KalkulatorDiskonTest" time="0.002"/>
  <testcase name="testHitungDiskonVariousCases(int, String, double)[1]" classname="com.praktikum.whitebox.service.KalkulatorDiskonTest" time="0.008"/>
  <testcase name="testHitungDiskonVariousCases(int, String, double)[2]" classname="com.praktikum.whitebox.service.KalkulatorDiskonTest" time="0.001"/>
  <testcase name="testHitungDiskonVariousCases(int, String, double)[3]" classname="com.praktikum.whitebox.service.KalkulatorDiskonTest" time="0.002"/>
  <testcase name="testHitungDiskonVariousCases(int, String, double)[4]" classname="com.praktikum.whitebox.service.KalkulatorDiskonTest" time="0.001"/>
  <testcase name="testHitungDiskonVariousCases(int, String, double)[5]" classname="com.praktikum.whitebox.service.KalkulatorDiskonTest" time="0.001"/>
  <testcase name="testHitungDiskonVariousCases(int, String, double)[6]" classname="com.praktikum.whitebox.service.KalkulatorDiskonTest" time="0.002"/>
  <testcase name="testHitungDiskonInvalidParameters" classname="com.praktikum.whitebox.service.KalkulatorDiskonTest" time="0.002"/>
  <testcase name="testGetKategoriDiskon(double, String)[1]" classname="com.praktikum.whitebox.service.KalkulatorDiskonTest" time="0.005"/>
  <testcase name="testGetKategoriDiskon(double, String)[2]" classname="com.praktikum.whitebox.service.KalkulatorDiskonTest" time="0.001"/>
  <testcase name="testGetKategoriDiskon(double, String)[3]" classname="com.praktikum.whitebox.service.KalkulatorDiskonTest" time="0.001"/>
  <testcase name="testGetKategoriDiskon(double, String)[4]" classname="com.praktikum.whitebox.service.KalkulatorDiskonTest" time="0.001"/>
  <testcase name="testGetKategoriDiskon(double, String)[5]" classname="com.praktikum.whitebox.service.KalkulatorDiskonTest" time="0.002"/>
  <testcase name="testGetKategoriDiskon(double, String)[6]" classname="com.praktikum.whitebox.service.KalkulatorDiskonTest" time="0.001"/>
  <testcase name="testGetKategoriDiskon(double, String)[7]" classname="com.praktikum.whitebox.service.KalkulatorDiskonTest" time="0.001"/>
  <testcase name="testGetKategoriDiskon(double, String)[8]" classname="com.praktikum.whitebox.service.KalkulatorDiskonTest" time="0.001"/>
  <testcase name="testGetKategoriDiskon(double, String)[9]" classname="com.praktikum.whitebox.service.KalkulatorDiskonTest" time="0.001"/>
  <testcase name="testBoundaryValuesKuantitas" classname="com.praktikum.whitebox.service.KalkulatorDiskonTest" time="0.002"/>
</testsuite>